name rectangle active True additive True position  0.0 170.0 1193.0 extents  790.0 170.0 50.0 orientation  1.0 0.0 0.0 0.0 1.0 0.0 0.0 0.0 1.0 priority  0 tags_begin  castle_wall tags_end # 
name rectangle active True additive True position  790.0 170.0 0.0 extents  1193.0 170.0 50.0 orientation  6.12303176911e-17 0.0 -1.0 0.0 1.0 0.0 1.0 0.0 6.12303176911e-17 priority  0 tags_begin  castle_wall tags_end # 
name rectangle active True additive True position  94.2225870488 113.0 165.180411081 extents  410.0 113.0 373.0 orientation  1.0 0.0 0.0 0.0 1.0 0.0 0.0 0.0 1.0 priority  0 tags_begin  castle_keep tags_end # 
name rectangle active True additive True position  0.0 170.0 -1193.0 extents  790.0 170.0 50.0 orientation  1.0 0.0 0.0 0.0 1.0 0.0 0.0 0.0 -1.0 priority  0 tags_begin  castle_wall tags_end # 
name cylinder active True additive True position  -790.0 391.0 1193.0 extents  156.0 391.0 156.0 orientation  1.0 0.0 0.0 0.0 1.0 0.0 0.0 0.0 1.0 priority  0 tags_begin  castle_tower tags_end # 
name rectangle active True additive False position  -655.766755537 33.333 1193.0 extents  50.0 22.22177778 156.0 orientation  1.0 0.0 0.0 0.0 1.0 0.0 0.0 0.0 1.0 priority  0 tags_begin  castle_gate tags_end # 
name rectangle active True additive True position  0.0 340.0 1243.0 extents  790.0 51.0 15.0 orientation  1.0 0.0 0.0 0.0 1.0 0.0 0.0 0.0 1.0 priority  0 tags_begin  castle_battlements tags_end # 
name rectangle active True additive True position  -790.0 170.0 0.0 extents  1193.0 170.0 50.0 orientation  -6.12303176911e-17 0.0 1.0 0.0 1.0 0.0 1.0 0.0 6.12303176911e-17 priority  0 tags_begin  castle_wall tags_end # 
name cylinder active True additive True position  790.0 391.0 -1193.0 extents  156.0 391.0 156.0 orientation  6.12303176911e-17 0.0 -1.0 0.0 1.0 0.0 1.0 0.0 6.12303176911e-17 priority  0 tags_begin  castle_tower tags_end # 
name rectangle active True additive False position  790.0 22.22177778 -990.29080931 extents  50.0 22.22177778 156.0 orientation  6.12303176911e-17 0.0 -1.0 0.0 1.0 0.0 1.0 0.0 6.12303176911e-17 priority  0 tags_begin  castle_gate tags_end # 
name rectangle active True additive True position  740.0 340.0 3.06151588456e-15 extents  1193.0 51.0 15.0 orientation  6.12303176911e-17 0.0 -1.0 0.0 1.0 0.0 1.0 0.0 6.12303176911e-17 priority  0 tags_begin  castle_battlements tags_end # 
name rectangle active True additive True position  94.2225870488 226.0 165.180411081 extents  205.0 205.0 373.0 orientation  0.707106781187 0.707106781187 0.0 -0.707106781187 0.707106781187 0.0 0.0 0.0 1.0 priority  0 tags_begin  keep_roof tags_end # 
name cylinder active True additive True position  94.2225870488 617.0 165.180411081 extents  156.0 391.0 156.0 orientation  1.0 0.0 0.0 0.0 1.0 0.0 0.0 0.0 1.0 priority  0 tags_begin  keep_tower tags_end # 
name cylinder active True additive True position  -315.777412951 391.0 -207.819588919 extents  156.0 391.0 156.0 orientation  1.0 0.0 0.0 0.0 1.0 0.0 0.0 0.0 1.0 priority  0 tags_begin  keep_tower tags_end # 
name cylinder active True additive True position  504.222587049 391.0 -207.819588919 extents  156.0 391.0 156.0 orientation  1.0 0.0 0.0 0.0 1.0 0.0 0.0 0.0 1.0 priority  0 tags_begin  keep_tower tags_end # 
name rectangle active True additive False position  94.2225870488 -113.0 165.180411081 extents  410.0 113.0 373.0 orientation  1.0 0.0 0.0 0.0 1.0 0.0 0.0 0.0 1.0 priority  0 tags_begin  tags_end # 
name cylinder active True additive True position  -790.0 391.0 -1193.0 extents  156.0 391.0 156.0 orientation  1.0 0.0 0.0 0.0 1.0 0.0 0.0 0.0 -1.0 priority  0 tags_begin  castle_tower tags_end # 
name rectangle active True additive False position  -655.766755537 33.333 -1193.0 extents  50.0 22.22177778 156.0 orientation  1.0 0.0 0.0 0.0 1.0 0.0 0.0 0.0 -1.0 priority  0 tags_begin  castle_gate tags_end # 
name rectangle active True additive True position  0.0 340.0 -1243.0 extents  790.0 51.0 15.0 orientation  1.0 0.0 0.0 0.0 1.0 0.0 0.0 0.0 -1.0 priority  0 tags_begin  castle_battlements tags_end # 
name cylinder active True additive True position  -790.0 782.0 1193.0 extents  207.99948 78.2 207.99948 orientation  1.0 0.0 0.0 0.0 1.0 0.0 0.0 0.0 1.0 priority  0 tags_begin  tower_battlements tags_end # 
name cylinder active True additive False position  -655.766755537 55.55477778 1193.0 extents  50.0 156.0 50.0 orientation  1.0 0.0 0.0 0.0 6.12303176911e-17 1.0 0.0 -1.0 6.12303176911e-17 priority  0 tags_begin  gate_subtractive_area tags_end # 
name rectangle active True additive True position  0.0 340.0 1143.0 extents  790.0 51.0 15.0 orientation  1.0 0.0 0.0 0.0 1.0 0.0 0.0 0.0 -1.0 priority  0 tags_begin  castle_battlements tags_end # 
name cylinder active True additive True position  -790.0 391.0 -1193.0 extents  156.0 391.0 156.0 orientation  -6.12303176911e-17 0.0 1.0 0.0 1.0 0.0 1.0 0.0 6.12303176911e-17 priority  0 tags_begin  castle_tower tags_end # 
name rectangle active True additive False position  -790.0 22.22177778 -990.29080931 extents  50.0 22.22177778 156.0 orientation  -6.12303176911e-17 0.0 1.0 0.0 1.0 0.0 1.0 0.0 6.12303176911e-17 priority  0 tags_begin  castle_gate tags_end # 
name rectangle active True additive True position  -740.0 340.0 3.06151588456e-15 extents  1193.0 51.0 15.0 orientation  -6.12303176911e-17 0.0 1.0 0.0 1.0 0.0 1.0 0.0 6.12303176911e-17 priority  0 tags_begin  castle_battlements tags_end # 
name cylinder active True additive True position  790.0 782.0 -1193.0 extents  207.99948 78.2 207.99948 orientation  6.12303176911e-17 0.0 -1.0 0.0 1.0 0.0 1.0 0.0 6.12303176911e-17 priority  0 tags_begin  tower_battlements tags_end # 
name cylinder active True additive False position  790.0 44.44355556 -990.29080931 extents  50.0 156.0 50.0 orientation  6.12303176911e-17 0.0 -1.0 1.0 6.12303176911e-17 6.12303176911e-17 6.12303176911e-17 -1.0 3.74915180456e-33 priority  0 tags_begin  gate_subtractive_area tags_end # 
name rectangle active True additive True position  740.0 340.0 -3.06151588456e-15 extents  1193.0 51.0 15.0 orientation  6.12303176911e-17 0.0 -1.0 0.0 1.0 0.0 -1.0 0.0 -6.12303176911e-17 priority  0 tags_begin  castle_battlements tags_end # 
name cylinder active True additive True position  94.2225870488 1008.0 165.180411081 extents  207.99948 78.2 207.99948 orientation  1.0 0.0 0.0 0.0 1.0 0.0 0.0 0.0 1.0 priority  0 tags_begin  tower_battlements tags_end # 
name cylinder active True additive True position  -315.777412951 782.0 -207.819588919 extents  207.99948 78.2 207.99948 orientation  1.0 0.0 0.0 0.0 1.0 0.0 0.0 0.0 1.0 priority  0 tags_begin  tower_battlements tags_end # 
name cylinder active True additive True position  504.222587049 782.0 -207.819588919 extents  207.99948 78.2 207.99948 orientation  1.0 0.0 0.0 0.0 1.0 0.0 0.0 0.0 1.0 priority  0 tags_begin  tower_battlements tags_end # 
name cylinder active True additive True position  -790.0 782.0 -1193.0 extents  207.99948 78.2 207.99948 orientation  1.0 0.0 0.0 0.0 1.0 0.0 0.0 0.0 -1.0 priority  0 tags_begin  tower_battlements tags_end # 
name cylinder active True additive False position  -655.766755537 55.55477778 -1193.0 extents  50.0 156.0 50.0 orientation  1.0 0.0 0.0 0.0 6.12303176911e-17 1.0 0.0 1.0 -6.12303176911e-17 priority  0 tags_begin  gate_subtractive_area tags_end # 
name rectangle active True additive True position  0.0 340.0 -1143.0 extents  790.0 51.0 15.0 orientation  1.0 0.0 0.0 0.0 1.0 0.0 0.0 0.0 1.0 priority  0 tags_begin  castle_battlements tags_end # 
name cylinder active True additive False position  -790.0 938.4 1193.0 extents  166.399584 156.4 166.399584 orientation  1.0 0.0 0.0 0.0 1.0 0.0 0.0 0.0 1.0 priority  -1 tags_begin  tower_battlements_subtractive_area tags_end # 
name cylinder active True additive True position  -790.0 782.0 -1193.0 extents  207.99948 78.2 207.99948 orientation  -6.12303176911e-17 0.0 1.0 0.0 1.0 0.0 1.0 0.0 6.12303176911e-17 priority  0 tags_begin  tower_battlements tags_end # 
name cylinder active True additive False position  -790.0 44.44355556 -990.29080931 extents  50.0 156.0 50.0 orientation  -6.12303176911e-17 0.0 1.0 1.0 6.12303176911e-17 6.12303176911e-17 6.12303176911e-17 -1.0 3.74915180456e-33 priority  0 tags_begin  gate_subtractive_area tags_end # 
name rectangle active True additive True position  -740.0 340.0 -3.06151588456e-15 extents  1193.0 51.0 15.0 orientation  -6.12303176911e-17 0.0 1.0 0.0 1.0 0.0 -1.0 0.0 -6.12303176911e-17 priority  0 tags_begin  castle_battlements tags_end # 
name cylinder active True additive False position  790.0 938.4 -1193.0 extents  166.399584 156.4 166.399584 orientation  6.12303176911e-17 0.0 -1.0 0.0 1.0 0.0 1.0 0.0 6.12303176911e-17 priority  -1 tags_begin  tower_battlements_subtractive_area tags_end # 
name cylinder active True additive False position  94.2225870488 1164.4 165.180411081 extents  166.399584 156.4 166.399584 orientation  1.0 0.0 0.0 0.0 1.0 0.0 0.0 0.0 1.0 priority  -1 tags_begin  tower_battlements_subtractive_area tags_end # 
name cylinder active True additive False position  -315.777412951 938.4 -207.819588919 extents  166.399584 156.4 166.399584 orientation  1.0 0.0 0.0 0.0 1.0 0.0 0.0 0.0 1.0 priority  -1 tags_begin  tower_battlements_subtractive_area tags_end # 
name cylinder active True additive False position  504.222587049 938.4 -207.819588919 extents  166.399584 156.4 166.399584 orientation  1.0 0.0 0.0 0.0 1.0 0.0 0.0 0.0 1.0 priority  -1 tags_begin  tower_battlements_subtractive_area tags_end # 
name cylinder active True additive False position  -790.0 938.4 -1193.0 extents  166.399584 156.4 166.399584 orientation  1.0 0.0 0.0 0.0 1.0 0.0 0.0 0.0 -1.0 priority  -1 tags_begin  tower_battlements_subtractive_area tags_end # 
name cylinder active True additive False position  -790.0 938.4 -1193.0 extents  166.399584 156.4 166.399584 orientation  -6.12303176911e-17 0.0 1.0 0.0 1.0 0.0 1.0 0.0 6.12303176911e-17 priority  -1 tags_begin  tower_battlements_subtractive_area tags_end # 

