name rectangle active True additive True position  0.0 227.0 759.0 extents  990.0 227.0 50.0 orientation  1.0 0.0 0.0 0.0 1.0 0.0 0.0 0.0 1.0 priority  0 tags_begin  castle_wall tags_end # 
name rectangle active True additive True position  990.0 227.0 0.0 extents  759.0 227.0 50.0 orientation  6.12303176911e-17 0.0 -1.0 0.0 1.0 0.0 1.0 0.0 6.12303176911e-17 priority  0 tags_begin  castle_wall tags_end # 
name rectangle active True additive True position  0.0 477.0 450.0 extents  434.0 477.0 309.0 orientation  1.0 0.0 0.0 0.0 1.0 0.0 0.0 0.0 1.0 priority  0 tags_begin  castle_keep tags_end # 
name rectangle active True additive True position  0.0 227.0 -759.0 extents  990.0 227.0 50.0 orientation  1.0 0.0 0.0 0.0 1.0 0.0 0.0 0.0 -1.0 priority  0 tags_begin  castle_wall tags_end # 
name cylinder active True additive True position  -990.0 479.0 759.0 extents  120.0 479.0 120.0 orientation  1.0 0.0 0.0 0.0 1.0 0.0 0.0 0.0 1.0 priority  0 tags_begin  castle_tower tags_end # 
name rectangle active True additive False position  0.0 33.333 759.0 extents  50.0 22.22177778 120.0 orientation  1.0 0.0 0.0 0.0 1.0 0.0 0.0 0.0 1.0 priority  0 tags_begin  castle_gate tags_end # 
name rectangle active True additive True position  0.0 454.0 809.0 extents  990.0 68.1 15.0 orientation  1.0 0.0 0.0 0.0 1.0 0.0 0.0 0.0 1.0 priority  0 tags_begin  castle_battlements tags_end # 
name rectangle active True additive True position  -990.0 227.0 0.0 extents  759.0 227.0 50.0 orientation  -6.12303176911e-17 0.0 1.0 0.0 1.0 0.0 1.0 0.0 6.12303176911e-17 priority  0 tags_begin  castle_wall tags_end # 
name cylinder active True additive True position  990.0 479.0 -759.0 extents  120.0 479.0 120.0 orientation  6.12303176911e-17 0.0 -1.0 0.0 1.0 0.0 1.0 0.0 6.12303176911e-17 priority  0 tags_begin  castle_tower tags_end # 
name rectangle active True additive False position  990.0 22.22177778 0.0 extents  50.0 22.22177778 120.0 orientation  6.12303176911e-17 0.0 -1.0 0.0 1.0 0.0 1.0 0.0 6.12303176911e-17 priority  0 tags_begin  castle_gate tags_end # 
name rectangle active True additive True position  940.0 454.0 3.06151588456e-15 extents  759.0 68.1 15.0 orientation  6.12303176911e-17 0.0 -1.0 0.0 1.0 0.0 1.0 0.0 6.12303176911e-17 priority  0 tags_begin  castle_battlements tags_end # 
name rectangle active True additive True position  0.0 954.0 450.0 extents  217.0 217.0 309.0 orientation  0.707106781187 0.707106781187 0.0 -0.707106781187 0.707106781187 0.0 0.0 0.0 1.0 priority  0 tags_begin  keep_roof tags_end # 
name cylinder active True additive True position  -434.0 479.0 759.0 extents  120.0 479.0 120.0 orientation  1.0 0.0 0.0 0.0 1.0 0.0 0.0 0.0 1.0 priority  0 tags_begin  keep_tower tags_end # 
name cylinder active True additive True position  434.0 479.0 141.0 extents  120.0 479.0 120.0 orientation  1.0 0.0 0.0 0.0 1.0 0.0 0.0 0.0 1.0 priority  0 tags_begin  keep_tower tags_end # 
name rectangle active True additive False position  0.0 -477.0 450.0 extents  434.0 477.0 309.0 orientation  1.0 0.0 0.0 0.0 1.0 0.0 0.0 0.0 1.0 priority  0 tags_begin  tags_end # 
name cylinder active True additive True position  -990.0 479.0 -759.0 extents  120.0 479.0 120.0 orientation  1.0 0.0 0.0 0.0 1.0 0.0 0.0 0.0 -1.0 priority  0 tags_begin  castle_tower tags_end # 
name rectangle active True additive False position  0.0 33.333 -759.0 extents  50.0 22.22177778 120.0 orientation  1.0 0.0 0.0 0.0 1.0 0.0 0.0 0.0 -1.0 priority  0 tags_begin  castle_gate tags_end # 
name rectangle active True additive True position  0.0 454.0 -809.0 extents  990.0 68.1 15.0 orientation  1.0 0.0 0.0 0.0 1.0 0.0 0.0 0.0 -1.0 priority  0 tags_begin  castle_battlements tags_end # 
name cylinder active True additive True position  -990.0 958.0 759.0 extents  159.9996 95.8 159.9996 orientation  1.0 0.0 0.0 0.0 1.0 0.0 0.0 0.0 1.0 priority  0 tags_begin  tower_battlements tags_end # 
name cylinder active True additive False position  0.0 55.55477778 759.0 extents  50.0 120.0 50.0 orientation  1.0 0.0 0.0 0.0 6.12303176911e-17 1.0 0.0 -1.0 6.12303176911e-17 priority  0 tags_begin  gate_subtractive_area tags_end # 
name rectangle active True additive True position  0.0 454.0 709.0 extents  990.0 68.1 15.0 orientation  1.0 0.0 0.0 0.0 1.0 0.0 0.0 0.0 -1.0 priority  0 tags_begin  castle_battlements tags_end # 
name cylinder active True additive True position  -990.0 479.0 -759.0 extents  120.0 479.0 120.0 orientation  -6.12303176911e-17 0.0 1.0 0.0 1.0 0.0 1.0 0.0 6.12303176911e-17 priority  0 tags_begin  castle_tower tags_end # 
name rectangle active True additive False position  -990.0 22.22177778 0.0 extents  50.0 22.22177778 120.0 orientation  -6.12303176911e-17 0.0 1.0 0.0 1.0 0.0 1.0 0.0 6.12303176911e-17 priority  0 tags_begin  castle_gate tags_end # 
name rectangle active True additive True position  -940.0 454.0 3.06151588456e-15 extents  759.0 68.1 15.0 orientation  -6.12303176911e-17 0.0 1.0 0.0 1.0 0.0 1.0 0.0 6.12303176911e-17 priority  0 tags_begin  castle_battlements tags_end # 
name cylinder active True additive True position  990.0 958.0 -759.0 extents  159.9996 95.8 159.9996 orientation  6.12303176911e-17 0.0 -1.0 0.0 1.0 0.0 1.0 0.0 6.12303176911e-17 priority  0 tags_begin  tower_battlements tags_end # 
name cylinder active True additive False position  990.0 44.44355556 0.0 extents  50.0 120.0 50.0 orientation  6.12303176911e-17 0.0 -1.0 1.0 6.12303176911e-17 6.12303176911e-17 6.12303176911e-17 -1.0 3.74915180456e-33 priority  0 tags_begin  gate_subtractive_area tags_end # 
name rectangle active True additive True position  940.0 454.0 -3.06151588456e-15 extents  759.0 68.1 15.0 orientation  6.12303176911e-17 0.0 -1.0 0.0 1.0 0.0 -1.0 0.0 -6.12303176911e-17 priority  0 tags_begin  castle_battlements tags_end # 
name cylinder active True additive True position  -434.0 958.0 759.0 extents  159.9996 95.8 159.9996 orientation  1.0 0.0 0.0 0.0 1.0 0.0 0.0 0.0 1.0 priority  0 tags_begin  tower_battlements tags_end # 
name cylinder active True additive True position  434.0 958.0 141.0 extents  159.9996 95.8 159.9996 orientation  1.0 0.0 0.0 0.0 1.0 0.0 0.0 0.0 1.0 priority  0 tags_begin  tower_battlements tags_end # 
name cylinder active True additive True position  -990.0 958.0 -759.0 extents  159.9996 95.8 159.9996 orientation  1.0 0.0 0.0 0.0 1.0 0.0 0.0 0.0 -1.0 priority  0 tags_begin  tower_battlements tags_end # 
name cylinder active True additive False position  0.0 55.55477778 -759.0 extents  50.0 120.0 50.0 orientation  1.0 0.0 0.0 0.0 6.12303176911e-17 1.0 0.0 1.0 -6.12303176911e-17 priority  0 tags_begin  gate_subtractive_area tags_end # 
name rectangle active True additive True position  0.0 454.0 -709.0 extents  990.0 68.1 15.0 orientation  1.0 0.0 0.0 0.0 1.0 0.0 0.0 0.0 1.0 priority  0 tags_begin  castle_battlements tags_end # 
name cylinder active True additive False position  -990.0 1149.6 759.0 extents  127.99968 191.6 127.99968 orientation  1.0 0.0 0.0 0.0 1.0 0.0 0.0 0.0 1.0 priority  -1 tags_begin  tower_battlements_subtractive_area tags_end # 
name cylinder active True additive True position  -990.0 958.0 -759.0 extents  159.9996 95.8 159.9996 orientation  -6.12303176911e-17 0.0 1.0 0.0 1.0 0.0 1.0 0.0 6.12303176911e-17 priority  0 tags_begin  tower_battlements tags_end # 
name cylinder active True additive False position  -990.0 44.44355556 0.0 extents  50.0 120.0 50.0 orientation  -6.12303176911e-17 0.0 1.0 1.0 6.12303176911e-17 6.12303176911e-17 6.12303176911e-17 -1.0 3.74915180456e-33 priority  0 tags_begin  gate_subtractive_area tags_end # 
name rectangle active True additive True position  -940.0 454.0 -3.06151588456e-15 extents  759.0 68.1 15.0 orientation  -6.12303176911e-17 0.0 1.0 0.0 1.0 0.0 -1.0 0.0 -6.12303176911e-17 priority  0 tags_begin  castle_battlements tags_end # 
name cylinder active True additive False position  990.0 1149.6 -759.0 extents  127.99968 191.6 127.99968 orientation  6.12303176911e-17 0.0 -1.0 0.0 1.0 0.0 1.0 0.0 6.12303176911e-17 priority  -1 tags_begin  tower_battlements_subtractive_area tags_end # 
name cylinder active True additive False position  -434.0 1149.6 759.0 extents  127.99968 191.6 127.99968 orientation  1.0 0.0 0.0 0.0 1.0 0.0 0.0 0.0 1.0 priority  -1 tags_begin  tower_battlements_subtractive_area tags_end # 
name cylinder active True additive False position  434.0 1149.6 141.0 extents  127.99968 191.6 127.99968 orientation  1.0 0.0 0.0 0.0 1.0 0.0 0.0 0.0 1.0 priority  -1 tags_begin  tower_battlements_subtractive_area tags_end # 
name cylinder active True additive False position  -990.0 1149.6 -759.0 extents  127.99968 191.6 127.99968 orientation  1.0 0.0 0.0 0.0 1.0 0.0 0.0 0.0 -1.0 priority  -1 tags_begin  tower_battlements_subtractive_area tags_end # 
name cylinder active True additive False position  -990.0 1149.6 -759.0 extents  127.99968 191.6 127.99968 orientation  -6.12303176911e-17 0.0 1.0 0.0 1.0 0.0 1.0 0.0 6.12303176911e-17 priority  -1 tags_begin  tower_battlements_subtractive_area tags_end # 

