name rectangle active True additive True position  0.0 231.0 912.0 extents  1405.0 231.0 50.0 orientation  1.0 0.0 0.0 0.0 1.0 0.0 0.0 0.0 1.0 priority  0 tags_begin  castle_wall tags_end # 
name rectangle active True additive True position  1405.0 231.0 0.0 extents  912.0 231.0 50.0 orientation  6.12303176911e-17 0.0 -1.0 0.0 1.0 0.0 1.0 0.0 6.12303176911e-17 priority  0 tags_begin  castle_wall tags_end # 
name rectangle active True additive True position  0.0 105.0 0.0 extents  386.0 105.0 393.0 orientation  1.0 0.0 0.0 0.0 1.0 0.0 0.0 0.0 1.0 priority  0 tags_begin  castle_keep tags_end # 
name rectangle active True additive True position  0.0 231.0 -912.0 extents  1405.0 231.0 50.0 orientation  1.0 0.0 0.0 0.0 1.0 0.0 0.0 0.0 -1.0 priority  0 tags_begin  castle_wall tags_end # 
name cylinder active True additive True position  -1405.0 306.0 912.0 extents  118.0 306.0 118.0 orientation  1.0 0.0 0.0 0.0 1.0 0.0 0.0 0.0 1.0 priority  0 tags_begin  castle_tower tags_end # 
name rectangle active True additive False position  -778.957900235 33.333 912.0 extents  50.0 22.22177778 118.0 orientation  1.0 0.0 0.0 0.0 1.0 0.0 0.0 0.0 1.0 priority  0 tags_begin  castle_gate tags_end # 
name rectangle active True additive True position  -1405.0 231.0 0.0 extents  912.0 231.0 50.0 orientation  -6.12303176911e-17 0.0 1.0 0.0 1.0 0.0 1.0 0.0 6.12303176911e-17 priority  0 tags_begin  castle_wall tags_end # 
name cylinder active True additive True position  1405.0 306.0 -912.0 extents  118.0 306.0 118.0 orientation  6.12303176911e-17 0.0 -1.0 0.0 1.0 0.0 1.0 0.0 6.12303176911e-17 priority  0 tags_begin  castle_tower tags_end # 
name rectangle active True additive False position  1405.0 22.22177778 -505.62961211 extents  50.0 22.22177778 118.0 orientation  6.12303176911e-17 0.0 -1.0 0.0 1.0 0.0 1.0 0.0 6.12303176911e-17 priority  0 tags_begin  castle_gate tags_end # 
name rectangle active True additive True position  0.0 210.0 0.0 extents  193.0 193.0 393.0 orientation  0.707106781187 0.707106781187 0.0 -0.707106781187 0.707106781187 0.0 0.0 0.0 1.0 priority  0 tags_begin  keep_roof tags_end # 
name cylinder active True additive True position  -386.0 306.0 -393.0 extents  118.0 306.0 118.0 orientation  1.0 0.0 0.0 0.0 1.0 0.0 0.0 0.0 1.0 priority  0 tags_begin  keep_tower tags_end # 
name cylinder active True additive True position  -386.0 306.0 393.0 extents  118.0 306.0 118.0 orientation  1.0 0.0 0.0 0.0 1.0 0.0 0.0 0.0 1.0 priority  0 tags_begin  keep_tower tags_end # 
name rectangle active True additive False position  0.0 -105.0 0.0 extents  386.0 105.0 393.0 orientation  1.0 0.0 0.0 0.0 1.0 0.0 0.0 0.0 1.0 priority  0 tags_begin  tags_end # 
name cylinder active True additive True position  -1405.0 306.0 -912.0 extents  118.0 306.0 118.0 orientation  1.0 0.0 0.0 0.0 1.0 0.0 0.0 0.0 -1.0 priority  0 tags_begin  castle_tower tags_end # 
name rectangle active True additive False position  -778.957900235 33.333 -912.0 extents  50.0 22.22177778 118.0 orientation  1.0 0.0 0.0 0.0 1.0 0.0 0.0 0.0 -1.0 priority  0 tags_begin  castle_gate tags_end # 
name cylinder active True additive True position  1405.0 306.0 912.0 extents  118.0 306.0 118.0 orientation  -1.0 0.0 0.0 0.0 1.0 0.0 0.0 0.0 1.0 priority  0 tags_begin  castle_tower tags_end # 
name cylinder active True additive True position  -1405.0 612.0 912.0 extents  157.33294 61.2 157.33294 orientation  1.0 0.0 0.0 0.0 1.0 0.0 0.0 0.0 1.0 priority  0 tags_begin  tower_battlements tags_end # 
name cylinder active True additive False position  -778.957900235 55.55477778 912.0 extents  50.0 118.0 50.0 orientation  1.0 0.0 0.0 0.0 6.12303176911e-17 1.0 0.0 -1.0 6.12303176911e-17 priority  0 tags_begin  gate_subtractive_area tags_end # 
name cylinder active True additive True position  -1405.0 306.0 -912.0 extents  118.0 306.0 118.0 orientation  -6.12303176911e-17 0.0 1.0 0.0 1.0 0.0 1.0 0.0 6.12303176911e-17 priority  0 tags_begin  castle_tower tags_end # 
name rectangle active True additive False position  -1405.0 22.22177778 -505.62961211 extents  50.0 22.22177778 118.0 orientation  -6.12303176911e-17 0.0 1.0 0.0 1.0 0.0 1.0 0.0 6.12303176911e-17 priority  0 tags_begin  castle_gate tags_end # 
name cylinder active True additive True position  1405.0 306.0 -912.0 extents  118.0 306.0 118.0 orientation  -6.12303176911e-17 0.0 1.0 0.0 1.0 0.0 1.0 0.0 6.12303176911e-17 priority  0 tags_begin  castle_tower tags_end # 
name cylinder active True additive True position  1405.0 612.0 -912.0 extents  157.33294 61.2 157.33294 orientation  6.12303176911e-17 0.0 -1.0 0.0 1.0 0.0 1.0 0.0 6.12303176911e-17 priority  0 tags_begin  tower_battlements tags_end # 
name cylinder active True additive False position  1405.0 44.44355556 -505.62961211 extents  50.0 118.0 50.0 orientation  6.12303176911e-17 0.0 -1.0 1.0 6.12303176911e-17 6.12303176911e-17 6.12303176911e-17 -1.0 3.74915180456e-33 priority  0 tags_begin  gate_subtractive_area tags_end # 
name cylinder active True additive True position  -386.0 612.0 -393.0 extents  157.33294 61.2 157.33294 orientation  1.0 0.0 0.0 0.0 1.0 0.0 0.0 0.0 1.0 priority  0 tags_begin  tower_battlements tags_end # 
name cylinder active True additive True position  -386.0 612.0 393.0 extents  157.33294 61.2 157.33294 orientation  1.0 0.0 0.0 0.0 1.0 0.0 0.0 0.0 1.0 priority  0 tags_begin  tower_battlements tags_end # 
name cylinder active True additive True position  1405.0 306.0 -912.0 extents  118.0 306.0 118.0 orientation  -1.0 0.0 0.0 0.0 1.0 0.0 0.0 0.0 -1.0 priority  0 tags_begin  castle_tower tags_end # 
name cylinder active True additive True position  -1405.0 612.0 -912.0 extents  157.33294 61.2 157.33294 orientation  1.0 0.0 0.0 0.0 1.0 0.0 0.0 0.0 -1.0 priority  0 tags_begin  tower_battlements tags_end # 
name cylinder active True additive False position  -778.957900235 55.55477778 -912.0 extents  50.0 118.0 50.0 orientation  1.0 0.0 0.0 0.0 6.12303176911e-17 1.0 0.0 1.0 -6.12303176911e-17 priority  0 tags_begin  gate_subtractive_area tags_end # 
name cylinder active True additive True position  1405.0 612.0 912.0 extents  157.33294 61.2 157.33294 orientation  -1.0 0.0 0.0 0.0 1.0 0.0 0.0 0.0 1.0 priority  0 tags_begin  tower_battlements tags_end # 
name cylinder active True additive False position  -1405.0 734.4 912.0 extents  125.866352 122.4 125.866352 orientation  1.0 0.0 0.0 0.0 1.0 0.0 0.0 0.0 1.0 priority  -1 tags_begin  tower_battlements_subtractive_area tags_end # 
name cylinder active True additive True position  -1405.0 306.0 -912.0 extents  118.0 306.0 118.0 orientation  6.12303176911e-17 0.0 -1.0 0.0 1.0 0.0 1.0 0.0 6.12303176911e-17 priority  0 tags_begin  castle_tower tags_end # 
name cylinder active True additive True position  -1405.0 612.0 -912.0 extents  157.33294 61.2 157.33294 orientation  -6.12303176911e-17 0.0 1.0 0.0 1.0 0.0 1.0 0.0 6.12303176911e-17 priority  0 tags_begin  tower_battlements tags_end # 
name cylinder active True additive False position  -1405.0 44.44355556 -505.62961211 extents  50.0 118.0 50.0 orientation  -6.12303176911e-17 0.0 1.0 1.0 6.12303176911e-17 6.12303176911e-17 6.12303176911e-17 -1.0 3.74915180456e-33 priority  0 tags_begin  gate_subtractive_area tags_end # 
name cylinder active True additive True position  1405.0 612.0 -912.0 extents  157.33294 61.2 157.33294 orientation  -6.12303176911e-17 0.0 1.0 0.0 1.0 0.0 1.0 0.0 6.12303176911e-17 priority  0 tags_begin  tower_battlements tags_end # 
name cylinder active True additive False position  1405.0 734.4 -912.0 extents  125.866352 122.4 125.866352 orientation  6.12303176911e-17 0.0 -1.0 0.0 1.0 0.0 1.0 0.0 6.12303176911e-17 priority  -1 tags_begin  tower_battlements_subtractive_area tags_end # 
name cylinder active True additive False position  -386.0 734.4 -393.0 extents  125.866352 122.4 125.866352 orientation  1.0 0.0 0.0 0.0 1.0 0.0 0.0 0.0 1.0 priority  -1 tags_begin  tower_battlements_subtractive_area tags_end # 
name cylinder active True additive False position  -386.0 734.4 393.0 extents  125.866352 122.4 125.866352 orientation  1.0 0.0 0.0 0.0 1.0 0.0 0.0 0.0 1.0 priority  -1 tags_begin  tower_battlements_subtractive_area tags_end # 
name cylinder active True additive True position  1405.0 612.0 -912.0 extents  157.33294 61.2 157.33294 orientation  -1.0 0.0 0.0 0.0 1.0 0.0 0.0 0.0 -1.0 priority  0 tags_begin  tower_battlements tags_end # 
name cylinder active True additive False position  -1405.0 734.4 -912.0 extents  125.866352 122.4 125.866352 orientation  1.0 0.0 0.0 0.0 1.0 0.0 0.0 0.0 -1.0 priority  -1 tags_begin  tower_battlements_subtractive_area tags_end # 
name cylinder active True additive False position  1405.0 734.4 912.0 extents  125.866352 122.4 125.866352 orientation  -1.0 0.0 0.0 0.0 1.0 0.0 0.0 0.0 1.0 priority  -1 tags_begin  tower_battlements_subtractive_area tags_end # 
name cylinder active True additive True position  -1405.0 612.0 -912.0 extents  157.33294 61.2 157.33294 orientation  6.12303176911e-17 0.0 -1.0 0.0 1.0 0.0 1.0 0.0 6.12303176911e-17 priority  0 tags_begin  tower_battlements tags_end # 
name cylinder active True additive False position  -1405.0 734.4 -912.0 extents  125.866352 122.4 125.866352 orientation  -6.12303176911e-17 0.0 1.0 0.0 1.0 0.0 1.0 0.0 6.12303176911e-17 priority  -1 tags_begin  tower_battlements_subtractive_area tags_end # 
name cylinder active True additive False position  1405.0 734.4 -912.0 extents  125.866352 122.4 125.866352 orientation  -6.12303176911e-17 0.0 1.0 0.0 1.0 0.0 1.0 0.0 6.12303176911e-17 priority  -1 tags_begin  tower_battlements_subtractive_area tags_end # 
name cylinder active True additive False position  1405.0 734.4 -912.0 extents  125.866352 122.4 125.866352 orientation  -1.0 0.0 0.0 0.0 1.0 0.0 0.0 0.0 -1.0 priority  -1 tags_begin  tower_battlements_subtractive_area tags_end # 
name cylinder active True additive False position  -1405.0 734.4 -912.0 extents  125.866352 122.4 125.866352 orientation  6.12303176911e-17 0.0 -1.0 0.0 1.0 0.0 1.0 0.0 6.12303176911e-17 priority  -1 tags_begin  tower_battlements_subtractive_area tags_end # 

