name rectangle active True additive True position  0.0 218.0 984.0 extents  1426.0 218.0 50.0 orientation  1.0 0.0 0.0 0.0 1.0 0.0 0.0 0.0 1.0 priority  0 tags_begin  castle_wall tags_end # 
name rectangle active True additive True position  1426.0 218.0 0.0 extents  984.0 218.0 50.0 orientation  6.12303176911e-17 0.0 -1.0 0.0 1.0 0.0 1.0 0.0 6.12303176911e-17 priority  0 tags_begin  castle_wall tags_end # 
name rectangle active True additive True position  -964.0 263.0 0.0 extents  462.0 263.0 311.0 orientation  1.0 0.0 0.0 0.0 1.0 0.0 0.0 0.0 1.0 priority  0 tags_begin  castle_keep tags_end # 
name rectangle active True additive True position  0.0 218.0 -984.0 extents  1426.0 218.0 50.0 orientation  1.0 0.0 0.0 0.0 1.0 0.0 0.0 0.0 -1.0 priority  0 tags_begin  castle_wall tags_end # 
name cylinder active True additive True position  -621.09858229 423.0 1001.76951537 extents  178.0 423.0 178.0 orientation  1.0 0.0 0.0 0.0 1.0 0.0 0.0 0.0 1.0 priority  0 tags_begin  castle_tower tags_end # 
name rectangle active True additive False position  -1064.93442408 33.333 984.0 extents  50.0 22.22177778 178.0 orientation  1.0 0.0 0.0 0.0 1.0 0.0 0.0 0.0 1.0 priority  0 tags_begin  castle_gate tags_end # 
name rectangle active True additive True position  -1426.0 218.0 0.0 extents  984.0 218.0 50.0 orientation  -6.12303176911e-17 0.0 1.0 0.0 1.0 0.0 1.0 0.0 6.12303176911e-17 priority  0 tags_begin  castle_wall tags_end # 
name cylinder active True additive True position  1408.23048463 423.0 -428.58415496 extents  178.0 423.0 178.0 orientation  6.12303176911e-17 0.0 -1.0 0.0 1.0 0.0 1.0 0.0 6.12303176911e-17 priority  0 tags_begin  castle_tower tags_end # 
name rectangle active True additive False position  1426.0 22.22177778 -734.849560514 extents  50.0 22.22177778 178.0 orientation  6.12303176911e-17 0.0 -1.0 0.0 1.0 0.0 1.0 0.0 6.12303176911e-17 priority  0 tags_begin  castle_gate tags_end # 
name rectangle active True additive True position  -964.0 526.0 0.0 extents  231.0 231.0 311.0 orientation  0.707106781187 0.707106781187 0.0 -0.707106781187 0.707106781187 0.0 0.0 0.0 1.0 priority  0 tags_begin  keep_roof tags_end # 
name cylinder active True additive True position  -964.0 949.0 0.0 extents  178.0 423.0 178.0 orientation  1.0 0.0 0.0 0.0 1.0 0.0 0.0 0.0 1.0 priority  0 tags_begin  keep_tower tags_end # 
name cylinder active True additive True position  -1426.0 423.0 311.0 extents  178.0 423.0 178.0 orientation  1.0 0.0 0.0 0.0 1.0 0.0 0.0 0.0 1.0 priority  0 tags_begin  keep_tower tags_end # 
name cylinder active True additive True position  -502.0 423.0 311.0 extents  178.0 423.0 178.0 orientation  1.0 0.0 0.0 0.0 1.0 0.0 0.0 0.0 1.0 priority  0 tags_begin  keep_tower tags_end # 
name rectangle active True additive False position  -964.0 -263.0 0.0 extents  462.0 263.0 311.0 orientation  1.0 0.0 0.0 0.0 1.0 0.0 0.0 0.0 1.0 priority  0 tags_begin  tags_end # 
name cylinder active True additive True position  -621.09858229 423.0 -1001.76951537 extents  178.0 423.0 178.0 orientation  1.0 0.0 0.0 0.0 1.0 0.0 0.0 0.0 -1.0 priority  0 tags_begin  castle_tower tags_end # 
name rectangle active True additive False position  -1064.93442408 33.333 -984.0 extents  50.0 22.22177778 178.0 orientation  1.0 0.0 0.0 0.0 1.0 0.0 0.0 0.0 -1.0 priority  0 tags_begin  castle_gate tags_end # 
name cylinder active True additive True position  621.09858229 423.0 1001.76951537 extents  178.0 423.0 178.0 orientation  -1.0 0.0 0.0 0.0 1.0 0.0 0.0 0.0 1.0 priority  0 tags_begin  castle_tower tags_end # 
name cylinder active True additive True position  -621.09858229 846.0 1001.76951537 extents  237.33274 84.6 237.33274 orientation  1.0 0.0 0.0 0.0 1.0 0.0 0.0 0.0 1.0 priority  0 tags_begin  tower_battlements tags_end # 
name cylinder active True additive False position  -1064.93442408 55.55477778 984.0 extents  50.0 178.0 50.0 orientation  1.0 0.0 0.0 0.0 6.12303176911e-17 1.0 0.0 -1.0 6.12303176911e-17 priority  0 tags_begin  gate_subtractive_area tags_end # 
name cylinder active True additive True position  -1408.23048463 423.0 -428.58415496 extents  178.0 423.0 178.0 orientation  -6.12303176911e-17 0.0 1.0 0.0 1.0 0.0 1.0 0.0 6.12303176911e-17 priority  0 tags_begin  castle_tower tags_end # 
name rectangle active True additive False position  -1426.0 22.22177778 -734.849560514 extents  50.0 22.22177778 178.0 orientation  -6.12303176911e-17 0.0 1.0 0.0 1.0 0.0 1.0 0.0 6.12303176911e-17 priority  0 tags_begin  castle_gate tags_end # 
name cylinder active True additive True position  1443.76951537 423.0 -428.58415496 extents  178.0 423.0 178.0 orientation  -6.12303176911e-17 0.0 1.0 0.0 1.0 0.0 1.0 0.0 6.12303176911e-17 priority  0 tags_begin  castle_tower tags_end # 
name cylinder active True additive True position  1408.23048463 846.0 -428.58415496 extents  237.33274 84.6 237.33274 orientation  6.12303176911e-17 0.0 -1.0 0.0 1.0 0.0 1.0 0.0 6.12303176911e-17 priority  0 tags_begin  tower_battlements tags_end # 
name cylinder active True additive False position  1426.0 44.44355556 -734.849560514 extents  50.0 178.0 50.0 orientation  6.12303176911e-17 0.0 -1.0 1.0 6.12303176911e-17 6.12303176911e-17 6.12303176911e-17 -1.0 3.74915180456e-33 priority  0 tags_begin  gate_subtractive_area tags_end # 
name cylinder active True additive True position  -964.0 1372.0 0.0 extents  237.33274 84.6 237.33274 orientation  1.0 0.0 0.0 0.0 1.0 0.0 0.0 0.0 1.0 priority  0 tags_begin  tower_battlements tags_end # 
name cylinder active True additive True position  -1426.0 846.0 311.0 extents  237.33274 84.6 237.33274 orientation  1.0 0.0 0.0 0.0 1.0 0.0 0.0 0.0 1.0 priority  0 tags_begin  tower_battlements tags_end # 
name cylinder active True additive True position  -502.0 846.0 311.0 extents  237.33274 84.6 237.33274 orientation  1.0 0.0 0.0 0.0 1.0 0.0 0.0 0.0 1.0 priority  0 tags_begin  tower_battlements tags_end # 
name cylinder active True additive True position  621.09858229 423.0 -1001.76951537 extents  178.0 423.0 178.0 orientation  -1.0 0.0 0.0 0.0 1.0 0.0 0.0 0.0 -1.0 priority  0 tags_begin  castle_tower tags_end # 
name cylinder active True additive True position  -621.09858229 846.0 -1001.76951537 extents  237.33274 84.6 237.33274 orientation  1.0 0.0 0.0 0.0 1.0 0.0 0.0 0.0 -1.0 priority  0 tags_begin  tower_battlements tags_end # 
name cylinder active True additive False position  -1064.93442408 55.55477778 -984.0 extents  50.0 178.0 50.0 orientation  1.0 0.0 0.0 0.0 6.12303176911e-17 1.0 0.0 1.0 -6.12303176911e-17 priority  0 tags_begin  gate_subtractive_area tags_end # 
name cylinder active True additive True position  621.09858229 846.0 1001.76951537 extents  237.33274 84.6 237.33274 orientation  -1.0 0.0 0.0 0.0 1.0 0.0 0.0 0.0 1.0 priority  0 tags_begin  tower_battlements tags_end # 
name cylinder active True additive False position  -621.09858229 1015.2 1001.76951537 extents  189.866192 169.2 189.866192 orientation  1.0 0.0 0.0 0.0 1.0 0.0 0.0 0.0 1.0 priority  -1 tags_begin  tower_battlements_subtractive_area tags_end # 
name cylinder active True additive True position  -1443.76951537 423.0 -428.58415496 extents  178.0 423.0 178.0 orientation  6.12303176911e-17 0.0 -1.0 0.0 1.0 0.0 1.0 0.0 6.12303176911e-17 priority  0 tags_begin  castle_tower tags_end # 
name cylinder active True additive True position  -1408.23048463 846.0 -428.58415496 extents  237.33274 84.6 237.33274 orientation  -6.12303176911e-17 0.0 1.0 0.0 1.0 0.0 1.0 0.0 6.12303176911e-17 priority  0 tags_begin  tower_battlements tags_end # 
name cylinder active True additive False position  -1426.0 44.44355556 -734.849560514 extents  50.0 178.0 50.0 orientation  -6.12303176911e-17 0.0 1.0 1.0 6.12303176911e-17 6.12303176911e-17 6.12303176911e-17 -1.0 3.74915180456e-33 priority  0 tags_begin  gate_subtractive_area tags_end # 
name cylinder active True additive True position  1443.76951537 846.0 -428.58415496 extents  237.33274 84.6 237.33274 orientation  -6.12303176911e-17 0.0 1.0 0.0 1.0 0.0 1.0 0.0 6.12303176911e-17 priority  0 tags_begin  tower_battlements tags_end # 
name cylinder active True additive False position  1408.23048463 1015.2 -428.58415496 extents  189.866192 169.2 189.866192 orientation  6.12303176911e-17 0.0 -1.0 0.0 1.0 0.0 1.0 0.0 6.12303176911e-17 priority  -1 tags_begin  tower_battlements_subtractive_area tags_end # 
name cylinder active True additive False position  -964.0 1541.2 0.0 extents  189.866192 169.2 189.866192 orientation  1.0 0.0 0.0 0.0 1.0 0.0 0.0 0.0 1.0 priority  -1 tags_begin  tower_battlements_subtractive_area tags_end # 
name cylinder active True additive False position  -1426.0 1015.2 311.0 extents  189.866192 169.2 189.866192 orientation  1.0 0.0 0.0 0.0 1.0 0.0 0.0 0.0 1.0 priority  -1 tags_begin  tower_battlements_subtractive_area tags_end # 
name cylinder active True additive False position  -502.0 1015.2 311.0 extents  189.866192 169.2 189.866192 orientation  1.0 0.0 0.0 0.0 1.0 0.0 0.0 0.0 1.0 priority  -1 tags_begin  tower_battlements_subtractive_area tags_end # 
name cylinder active True additive True position  621.09858229 846.0 -1001.76951537 extents  237.33274 84.6 237.33274 orientation  -1.0 0.0 0.0 0.0 1.0 0.0 0.0 0.0 -1.0 priority  0 tags_begin  tower_battlements tags_end # 
name cylinder active True additive False position  -621.09858229 1015.2 -1001.76951537 extents  189.866192 169.2 189.866192 orientation  1.0 0.0 0.0 0.0 1.0 0.0 0.0 0.0 -1.0 priority  -1 tags_begin  tower_battlements_subtractive_area tags_end # 
name cylinder active True additive False position  621.09858229 1015.2 1001.76951537 extents  189.866192 169.2 189.866192 orientation  -1.0 0.0 0.0 0.0 1.0 0.0 0.0 0.0 1.0 priority  -1 tags_begin  tower_battlements_subtractive_area tags_end # 
name cylinder active True additive True position  -1443.76951537 846.0 -428.58415496 extents  237.33274 84.6 237.33274 orientation  6.12303176911e-17 0.0 -1.0 0.0 1.0 0.0 1.0 0.0 6.12303176911e-17 priority  0 tags_begin  tower_battlements tags_end # 
name cylinder active True additive False position  -1408.23048463 1015.2 -428.58415496 extents  189.866192 169.2 189.866192 orientation  -6.12303176911e-17 0.0 1.0 0.0 1.0 0.0 1.0 0.0 6.12303176911e-17 priority  -1 tags_begin  tower_battlements_subtractive_area tags_end # 
name cylinder active True additive False position  1443.76951537 1015.2 -428.58415496 extents  189.866192 169.2 189.866192 orientation  -6.12303176911e-17 0.0 1.0 0.0 1.0 0.0 1.0 0.0 6.12303176911e-17 priority  -1 tags_begin  tower_battlements_subtractive_area tags_end # 
name cylinder active True additive False position  621.09858229 1015.2 -1001.76951537 extents  189.866192 169.2 189.866192 orientation  -1.0 0.0 0.0 0.0 1.0 0.0 0.0 0.0 -1.0 priority  -1 tags_begin  tower_battlements_subtractive_area tags_end # 
name cylinder active True additive False position  -1443.76951537 1015.2 -428.58415496 extents  189.866192 169.2 189.866192 orientation  6.12303176911e-17 0.0 -1.0 0.0 1.0 0.0 1.0 0.0 6.12303176911e-17 priority  -1 tags_begin  tower_battlements_subtractive_area tags_end # 

