name rectangle active True additive True position  0.0 116.0 983.0 extents  935.0 116.0 50.0 orientation  1.0 0.0 0.0 0.0 1.0 0.0 0.0 0.0 1.0 priority  0 tags_begin  castle_wall tags_end # 
name rectangle active True additive True position  935.0 116.0 0.0 extents  983.0 116.0 50.0 orientation  6.12303176911e-17 0.0 -1.0 0.0 1.0 0.0 1.0 0.0 6.12303176911e-17 priority  0 tags_begin  castle_wall tags_end # 
name rectangle active True additive True position  89.1152606523 212.0 2.53001260328 extents  422.0 212.0 403.0 orientation  1.0 0.0 0.0 0.0 1.0 0.0 0.0 0.0 1.0 priority  0 tags_begin  castle_keep tags_end # 
name rectangle active True additive True position  0.0 116.0 -983.0 extents  935.0 116.0 50.0 orientation  1.0 0.0 0.0 0.0 1.0 0.0 0.0 0.0 -1.0 priority  0 tags_begin  castle_wall tags_end # 
name cylinder active True additive True position  -935.0 359.0 983.0 extents  199.0 359.0 199.0 orientation  1.0 0.0 0.0 0.0 1.0 0.0 0.0 0.0 1.0 priority  0 tags_begin  castle_tower tags_end # 
name rectangle active True additive False position  0.0 33.333 983.0 extents  50.0 22.22177778 199.0 orientation  1.0 0.0 0.0 0.0 1.0 0.0 0.0 0.0 1.0 priority  0 tags_begin  castle_gate tags_end # 
name rectangle active True additive True position  0.0 232.0 1033.0 extents  935.0 34.8 15.0 orientation  1.0 0.0 0.0 0.0 1.0 0.0 0.0 0.0 1.0 priority  0 tags_begin  castle_battlements tags_end # 
name rectangle active True additive True position  -935.0 116.0 0.0 extents  983.0 116.0 50.0 orientation  -6.12303176911e-17 0.0 1.0 0.0 1.0 0.0 1.0 0.0 6.12303176911e-17 priority  0 tags_begin  castle_wall tags_end # 
name cylinder active True additive True position  935.0 359.0 -983.0 extents  199.0 359.0 199.0 orientation  6.12303176911e-17 0.0 -1.0 0.0 1.0 0.0 1.0 0.0 6.12303176911e-17 priority  0 tags_begin  castle_tower tags_end # 
name rectangle active True additive False position  935.0 22.22177778 0.0 extents  50.0 22.22177778 199.0 orientation  6.12303176911e-17 0.0 -1.0 0.0 1.0 0.0 1.0 0.0 6.12303176911e-17 priority  0 tags_begin  castle_gate tags_end # 
name rectangle active True additive True position  885.0 232.0 3.06151588456e-15 extents  983.0 34.8 15.0 orientation  6.12303176911e-17 0.0 -1.0 0.0 1.0 0.0 1.0 0.0 6.12303176911e-17 priority  0 tags_begin  castle_battlements tags_end # 
name rectangle active True additive True position  89.1152606523 424.0 2.53001260328 extents  211.0 211.0 403.0 orientation  0.707106781187 0.707106781187 0.0 -0.707106781187 0.707106781187 0.0 0.0 0.0 1.0 priority  0 tags_begin  keep_roof tags_end # 
name cylinder active True additive True position  89.1152606523 783.0 2.53001260328 extents  199.0 359.0 199.0 orientation  1.0 0.0 0.0 0.0 1.0 0.0 0.0 0.0 1.0 priority  0 tags_begin  keep_tower tags_end # 
name cylinder active True additive True position  -332.884739348 359.0 -400.469987397 extents  199.0 359.0 199.0 orientation  1.0 0.0 0.0 0.0 1.0 0.0 0.0 0.0 1.0 priority  0 tags_begin  keep_tower tags_end # 
name cylinder active True additive True position  -332.884739348 359.0 405.530012603 extents  199.0 359.0 199.0 orientation  1.0 0.0 0.0 0.0 1.0 0.0 0.0 0.0 1.0 priority  0 tags_begin  keep_tower tags_end # 
name cylinder active True additive True position  511.115260652 359.0 -400.469987397 extents  199.0 359.0 199.0 orientation  1.0 0.0 0.0 0.0 1.0 0.0 0.0 0.0 1.0 priority  0 tags_begin  keep_tower tags_end # 
name cylinder active True additive True position  511.115260652 359.0 405.530012603 extents  199.0 359.0 199.0 orientation  1.0 0.0 0.0 0.0 1.0 0.0 0.0 0.0 1.0 priority  0 tags_begin  keep_tower tags_end # 
name rectangle active True additive False position  89.1152606523 -212.0 2.53001260328 extents  422.0 212.0 403.0 orientation  1.0 0.0 0.0 0.0 1.0 0.0 0.0 0.0 1.0 priority  0 tags_begin  tags_end # 
name cylinder active True additive True position  -935.0 359.0 -983.0 extents  199.0 359.0 199.0 orientation  1.0 0.0 0.0 0.0 1.0 0.0 0.0 0.0 -1.0 priority  0 tags_begin  castle_tower tags_end # 
name rectangle active True additive False position  0.0 33.333 -983.0 extents  50.0 22.22177778 199.0 orientation  1.0 0.0 0.0 0.0 1.0 0.0 0.0 0.0 -1.0 priority  0 tags_begin  castle_gate tags_end # 
name rectangle active True additive True position  0.0 232.0 -1033.0 extents  935.0 34.8 15.0 orientation  1.0 0.0 0.0 0.0 1.0 0.0 0.0 0.0 -1.0 priority  0 tags_begin  castle_battlements tags_end # 
name cylinder active True additive True position  935.0 359.0 983.0 extents  199.0 359.0 199.0 orientation  -1.0 0.0 0.0 0.0 1.0 0.0 0.0 0.0 1.0 priority  0 tags_begin  castle_tower tags_end # 
name cylinder active True additive True position  -935.0 718.0 983.0 extents  265.33267 71.8 265.33267 orientation  1.0 0.0 0.0 0.0 1.0 0.0 0.0 0.0 1.0 priority  0 tags_begin  tower_battlements tags_end # 
name rectangle active True additive False position  0.0 33.333 983.0 extents  50.0 22.22177778 199.0 orientation  -1.0 0.0 0.0 0.0 1.0 0.0 0.0 0.0 1.0 priority  0 tags_begin  castle_gate tags_end # 
name cylinder active True additive False position  0.0 55.55477778 983.0 extents  50.0 199.0 50.0 orientation  1.0 0.0 0.0 0.0 6.12303176911e-17 1.0 0.0 -1.0 6.12303176911e-17 priority  0 tags_begin  gate_subtractive_area tags_end # 
name rectangle active True additive True position  0.0 232.0 933.0 extents  935.0 34.8 15.0 orientation  1.0 0.0 0.0 0.0 1.0 0.0 0.0 0.0 -1.0 priority  0 tags_begin  castle_battlements tags_end # 
name cylinder active True additive True position  -935.0 359.0 -983.0 extents  199.0 359.0 199.0 orientation  -6.12303176911e-17 0.0 1.0 0.0 1.0 0.0 1.0 0.0 6.12303176911e-17 priority  0 tags_begin  castle_tower tags_end # 
name rectangle active True additive False position  -935.0 22.22177778 0.0 extents  50.0 22.22177778 199.0 orientation  -6.12303176911e-17 0.0 1.0 0.0 1.0 0.0 1.0 0.0 6.12303176911e-17 priority  0 tags_begin  castle_gate tags_end # 
name rectangle active True additive True position  -885.0 232.0 3.06151588456e-15 extents  983.0 34.8 15.0 orientation  -6.12303176911e-17 0.0 1.0 0.0 1.0 0.0 1.0 0.0 6.12303176911e-17 priority  0 tags_begin  castle_battlements tags_end # 
name cylinder active True additive True position  935.0 359.0 -983.0 extents  199.0 359.0 199.0 orientation  -6.12303176911e-17 0.0 1.0 0.0 1.0 0.0 1.0 0.0 6.12303176911e-17 priority  0 tags_begin  castle_tower tags_end # 
name cylinder active True additive True position  935.0 718.0 -983.0 extents  265.33267 71.8 265.33267 orientation  6.12303176911e-17 0.0 -1.0 0.0 1.0 0.0 1.0 0.0 6.12303176911e-17 priority  0 tags_begin  tower_battlements tags_end # 
name rectangle active True additive False position  935.0 22.22177778 0.0 extents  50.0 22.22177778 199.0 orientation  -6.12303176911e-17 0.0 1.0 0.0 1.0 0.0 1.0 0.0 6.12303176911e-17 priority  0 tags_begin  castle_gate tags_end # 
name cylinder active True additive False position  935.0 44.44355556 0.0 extents  50.0 199.0 50.0 orientation  6.12303176911e-17 0.0 -1.0 1.0 6.12303176911e-17 6.12303176911e-17 6.12303176911e-17 -1.0 3.74915180456e-33 priority  0 tags_begin  gate_subtractive_area tags_end # 
name rectangle active True additive True position  885.0 232.0 -3.06151588456e-15 extents  983.0 34.8 15.0 orientation  6.12303176911e-17 0.0 -1.0 0.0 1.0 0.0 -1.0 0.0 -6.12303176911e-17 priority  0 tags_begin  castle_battlements tags_end # 
name cylinder active True additive True position  89.1152606523 1142.0 2.53001260328 extents  265.33267 71.8 265.33267 orientation  1.0 0.0 0.0 0.0 1.0 0.0 0.0 0.0 1.0 priority  0 tags_begin  tower_battlements tags_end # 
name cylinder active True additive True position  -332.884739348 718.0 -400.469987397 extents  265.33267 71.8 265.33267 orientation  1.0 0.0 0.0 0.0 1.0 0.0 0.0 0.0 1.0 priority  0 tags_begin  tower_battlements tags_end # 
name cylinder active True additive True position  -332.884739348 718.0 405.530012603 extents  265.33267 71.8 265.33267 orientation  1.0 0.0 0.0 0.0 1.0 0.0 0.0 0.0 1.0 priority  0 tags_begin  tower_battlements tags_end # 
name cylinder active True additive True position  511.115260652 718.0 -400.469987397 extents  265.33267 71.8 265.33267 orientation  1.0 0.0 0.0 0.0 1.0 0.0 0.0 0.0 1.0 priority  0 tags_begin  tower_battlements tags_end # 
name cylinder active True additive True position  511.115260652 718.0 405.530012603 extents  265.33267 71.8 265.33267 orientation  1.0 0.0 0.0 0.0 1.0 0.0 0.0 0.0 1.0 priority  0 tags_begin  tower_battlements tags_end # 
name cylinder active True additive True position  935.0 359.0 -983.0 extents  199.0 359.0 199.0 orientation  -1.0 0.0 0.0 0.0 1.0 0.0 0.0 0.0 -1.0 priority  0 tags_begin  castle_tower tags_end # 
name cylinder active True additive True position  -935.0 718.0 -983.0 extents  265.33267 71.8 265.33267 orientation  1.0 0.0 0.0 0.0 1.0 0.0 0.0 0.0 -1.0 priority  0 tags_begin  tower_battlements tags_end # 
name rectangle active True additive False position  0.0 33.333 -983.0 extents  50.0 22.22177778 199.0 orientation  -1.0 0.0 0.0 0.0 1.0 0.0 0.0 0.0 -1.0 priority  0 tags_begin  castle_gate tags_end # 
name cylinder active True additive False position  0.0 55.55477778 -983.0 extents  50.0 199.0 50.0 orientation  1.0 0.0 0.0 0.0 6.12303176911e-17 1.0 0.0 1.0 -6.12303176911e-17 priority  0 tags_begin  gate_subtractive_area tags_end # 
name rectangle active True additive True position  0.0 232.0 -933.0 extents  935.0 34.8 15.0 orientation  1.0 0.0 0.0 0.0 1.0 0.0 0.0 0.0 1.0 priority  0 tags_begin  castle_battlements tags_end # 
name cylinder active True additive True position  935.0 718.0 983.0 extents  265.33267 71.8 265.33267 orientation  -1.0 0.0 0.0 0.0 1.0 0.0 0.0 0.0 1.0 priority  0 tags_begin  tower_battlements tags_end # 
name cylinder active True additive False position  -935.0 861.6 983.0 extents  212.266136 143.6 212.266136 orientation  1.0 0.0 0.0 0.0 1.0 0.0 0.0 0.0 1.0 priority  -1 tags_begin  tower_battlements_subtractive_area tags_end # 
name cylinder active True additive False position  0.0 55.55477778 983.0 extents  50.0 199.0 50.0 orientation  -1.0 0.0 0.0 0.0 6.12303176911e-17 1.0 0.0 -1.0 6.12303176911e-17 priority  0 tags_begin  gate_subtractive_area tags_end # 
name cylinder active True additive True position  -935.0 359.0 -983.0 extents  199.0 359.0 199.0 orientation  6.12303176911e-17 0.0 -1.0 0.0 1.0 0.0 1.0 0.0 6.12303176911e-17 priority  0 tags_begin  castle_tower tags_end # 
name cylinder active True additive True position  -935.0 718.0 -983.0 extents  265.33267 71.8 265.33267 orientation  -6.12303176911e-17 0.0 1.0 0.0 1.0 0.0 1.0 0.0 6.12303176911e-17 priority  0 tags_begin  tower_battlements tags_end # 
name rectangle active True additive False position  -935.0 22.22177778 0.0 extents  50.0 22.22177778 199.0 orientation  6.12303176911e-17 0.0 -1.0 0.0 1.0 0.0 1.0 0.0 6.12303176911e-17 priority  0 tags_begin  castle_gate tags_end # 
name cylinder active True additive False position  -935.0 44.44355556 0.0 extents  50.0 199.0 50.0 orientation  -6.12303176911e-17 0.0 1.0 1.0 6.12303176911e-17 6.12303176911e-17 6.12303176911e-17 -1.0 3.74915180456e-33 priority  0 tags_begin  gate_subtractive_area tags_end # 
name rectangle active True additive True position  -885.0 232.0 -3.06151588456e-15 extents  983.0 34.8 15.0 orientation  -6.12303176911e-17 0.0 1.0 0.0 1.0 0.0 -1.0 0.0 -6.12303176911e-17 priority  0 tags_begin  castle_battlements tags_end # 
name cylinder active True additive True position  935.0 718.0 -983.0 extents  265.33267 71.8 265.33267 orientation  -6.12303176911e-17 0.0 1.0 0.0 1.0 0.0 1.0 0.0 6.12303176911e-17 priority  0 tags_begin  tower_battlements tags_end # 
name cylinder active True additive False position  935.0 861.6 -983.0 extents  212.266136 143.6 212.266136 orientation  6.12303176911e-17 0.0 -1.0 0.0 1.0 0.0 1.0 0.0 6.12303176911e-17 priority  -1 tags_begin  tower_battlements_subtractive_area tags_end # 
name cylinder active True additive False position  935.0 44.44355556 0.0 extents  50.0 199.0 50.0 orientation  -6.12303176911e-17 0.0 1.0 1.0 6.12303176911e-17 6.12303176911e-17 6.12303176911e-17 -1.0 3.74915180456e-33 priority  0 tags_begin  gate_subtractive_area tags_end # 
name cylinder active True additive False position  89.1152606523 1285.6 2.53001260328 extents  212.266136 143.6 212.266136 orientation  1.0 0.0 0.0 0.0 1.0 0.0 0.0 0.0 1.0 priority  -1 tags_begin  tower_battlements_subtractive_area tags_end # 
name cylinder active True additive False position  -332.884739348 861.6 -400.469987397 extents  212.266136 143.6 212.266136 orientation  1.0 0.0 0.0 0.0 1.0 0.0 0.0 0.0 1.0 priority  -1 tags_begin  tower_battlements_subtractive_area tags_end # 
name cylinder active True additive False position  -332.884739348 861.6 405.530012603 extents  212.266136 143.6 212.266136 orientation  1.0 0.0 0.0 0.0 1.0 0.0 0.0 0.0 1.0 priority  -1 tags_begin  tower_battlements_subtractive_area tags_end # 
name cylinder active True additive False position  511.115260652 861.6 -400.469987397 extents  212.266136 143.6 212.266136 orientation  1.0 0.0 0.0 0.0 1.0 0.0 0.0 0.0 1.0 priority  -1 tags_begin  tower_battlements_subtractive_area tags_end # 
name cylinder active True additive False position  511.115260652 861.6 405.530012603 extents  212.266136 143.6 212.266136 orientation  1.0 0.0 0.0 0.0 1.0 0.0 0.0 0.0 1.0 priority  -1 tags_begin  tower_battlements_subtractive_area tags_end # 
name cylinder active True additive True position  935.0 718.0 -983.0 extents  265.33267 71.8 265.33267 orientation  -1.0 0.0 0.0 0.0 1.0 0.0 0.0 0.0 -1.0 priority  0 tags_begin  tower_battlements tags_end # 
name cylinder active True additive False position  -935.0 861.6 -983.0 extents  212.266136 143.6 212.266136 orientation  1.0 0.0 0.0 0.0 1.0 0.0 0.0 0.0 -1.0 priority  -1 tags_begin  tower_battlements_subtractive_area tags_end # 
name cylinder active True additive False position  0.0 55.55477778 -983.0 extents  50.0 199.0 50.0 orientation  -1.0 0.0 0.0 0.0 6.12303176911e-17 1.0 0.0 1.0 -6.12303176911e-17 priority  0 tags_begin  gate_subtractive_area tags_end # 
name cylinder active True additive False position  935.0 861.6 983.0 extents  212.266136 143.6 212.266136 orientation  -1.0 0.0 0.0 0.0 1.0 0.0 0.0 0.0 1.0 priority  -1 tags_begin  tower_battlements_subtractive_area tags_end # 
name cylinder active True additive True position  -935.0 718.0 -983.0 extents  265.33267 71.8 265.33267 orientation  6.12303176911e-17 0.0 -1.0 0.0 1.0 0.0 1.0 0.0 6.12303176911e-17 priority  0 tags_begin  tower_battlements tags_end # 
name cylinder active True additive False position  -935.0 861.6 -983.0 extents  212.266136 143.6 212.266136 orientation  -6.12303176911e-17 0.0 1.0 0.0 1.0 0.0 1.0 0.0 6.12303176911e-17 priority  -1 tags_begin  tower_battlements_subtractive_area tags_end # 
name cylinder active True additive False position  -935.0 44.44355556 0.0 extents  50.0 199.0 50.0 orientation  6.12303176911e-17 0.0 -1.0 1.0 6.12303176911e-17 6.12303176911e-17 6.12303176911e-17 -1.0 3.74915180456e-33 priority  0 tags_begin  gate_subtractive_area tags_end # 
name cylinder active True additive False position  935.0 861.6 -983.0 extents  212.266136 143.6 212.266136 orientation  -6.12303176911e-17 0.0 1.0 0.0 1.0 0.0 1.0 0.0 6.12303176911e-17 priority  -1 tags_begin  tower_battlements_subtractive_area tags_end # 
name cylinder active True additive False position  935.0 861.6 -983.0 extents  212.266136 143.6 212.266136 orientation  -1.0 0.0 0.0 0.0 1.0 0.0 0.0 0.0 -1.0 priority  -1 tags_begin  tower_battlements_subtractive_area tags_end # 
name cylinder active True additive False position  -935.0 861.6 -983.0 extents  212.266136 143.6 212.266136 orientation  6.12303176911e-17 0.0 -1.0 0.0 1.0 0.0 1.0 0.0 6.12303176911e-17 priority  -1 tags_begin  tower_battlements_subtractive_area tags_end # 

