name rectangle active True additive True position  0.0 110.0 1100.0 extents  1249.0 110.0 50.0 orientation  1.0 0.0 0.0 0.0 1.0 0.0 0.0 0.0 1.0 priority  0 tags_begin  castle_wall tags_end # 
name rectangle active True additive True position  1249.0 110.0 0.0 extents  1100.0 110.0 50.0 orientation  6.12303176911e-17 0.0 -1.0 0.0 1.0 0.0 1.0 0.0 6.12303176911e-17 priority  0 tags_begin  castle_wall tags_end # 
name rectangle active True additive True position  62.1661448754 464.0 130.532815681 extents  321.0 464.0 395.0 orientation  1.0 0.0 0.0 0.0 1.0 0.0 0.0 0.0 1.0 priority  0 tags_begin  castle_keep tags_end # 
name rectangle active True additive True position  0.0 110.0 -1100.0 extents  1249.0 110.0 50.0 orientation  1.0 0.0 0.0 0.0 1.0 0.0 0.0 0.0 -1.0 priority  0 tags_begin  castle_wall tags_end # 
name cylinder active True additive True position  -92.0622481447 395.0 1090.13972067 extents  173.0 395.0 173.0 orientation  1.0 0.0 0.0 0.0 1.0 0.0 0.0 0.0 1.0 priority  0 tags_begin  castle_tower tags_end # 
name rectangle active True additive False position  -580.302535102 33.333 1100.0 extents  50.0 22.22177778 173.0 orientation  1.0 0.0 0.0 0.0 1.0 0.0 0.0 0.0 1.0 priority  0 tags_begin  castle_gate tags_end # 
name rectangle active True additive True position  0.0 220.0 1150.0 extents  1249.0 33.0 15.0 orientation  1.0 0.0 0.0 0.0 1.0 0.0 0.0 0.0 1.0 priority  0 tags_begin  castle_battlements tags_end # 
name rectangle active True additive True position  -1249.0 110.0 0.0 extents  1100.0 110.0 50.0 orientation  -6.12303176911e-17 0.0 1.0 0.0 1.0 0.0 1.0 0.0 6.12303176911e-17 priority  0 tags_begin  castle_wall tags_end # 
name cylinder active True additive True position  1258.86027933 395.0 -81.079642081 extents  173.0 395.0 173.0 orientation  6.12303176911e-17 0.0 -1.0 0.0 1.0 0.0 1.0 0.0 6.12303176911e-17 priority  0 tags_begin  castle_tower tags_end # 
name rectangle active True additive False position  1249.0 22.22177778 -511.075090963 extents  50.0 22.22177778 173.0 orientation  6.12303176911e-17 0.0 -1.0 0.0 1.0 0.0 1.0 0.0 6.12303176911e-17 priority  0 tags_begin  castle_gate tags_end # 
name rectangle active True additive True position  1199.0 220.0 3.06151588456e-15 extents  1100.0 33.0 15.0 orientation  6.12303176911e-17 0.0 -1.0 0.0 1.0 0.0 1.0 0.0 6.12303176911e-17 priority  0 tags_begin  castle_battlements tags_end # 
name rectangle active True additive True position  62.1661448754 928.0 130.532815681 extents  160.5 160.5 395.0 orientation  0.707106781187 0.707106781187 0.0 -0.707106781187 0.707106781187 0.0 0.0 0.0 1.0 priority  0 tags_begin  keep_roof tags_end # 
name cylinder active True additive True position  62.1661448754 1323.0 130.532815681 extents  173.0 395.0 173.0 orientation  1.0 0.0 0.0 0.0 1.0 0.0 0.0 0.0 1.0 priority  0 tags_begin  keep_tower tags_end # 
name rectangle active True additive False position  62.1661448754 -464.0 130.532815681 extents  321.0 464.0 395.0 orientation  1.0 0.0 0.0 0.0 1.0 0.0 0.0 0.0 1.0 priority  -5 tags_begin  tags_end # 
name cylinder active True additive True position  -92.0622481447 395.0 -1090.13972067 extents  173.0 395.0 173.0 orientation  1.0 0.0 0.0 0.0 1.0 0.0 0.0 0.0 -1.0 priority  0 tags_begin  castle_tower tags_end # 
name rectangle active True additive False position  -580.302535102 33.333 -1100.0 extents  50.0 22.22177778 173.0 orientation  1.0 0.0 0.0 0.0 1.0 0.0 0.0 0.0 -1.0 priority  0 tags_begin  castle_gate tags_end # 
name rectangle active True additive True position  0.0 220.0 -1150.0 extents  1249.0 33.0 15.0 orientation  1.0 0.0 0.0 0.0 1.0 0.0 0.0 0.0 -1.0 priority  0 tags_begin  castle_battlements tags_end # 
name cylinder active True additive True position  -92.0622481447 790.0 1090.13972067 extents  230.66609 79.0 230.66609 orientation  1.0 0.0 0.0 0.0 1.0 0.0 0.0 0.0 1.0 priority  0 tags_begin  tower_battlements tags_end # 
name cylinder active True additive False position  -580.302535102 55.55477778 1100.0 extents  50.0 173.0 50.0 orientation  1.0 0.0 0.0 0.0 6.12303176911e-17 1.0 0.0 -1.0 6.12303176911e-17 priority  0 tags_begin  gate_subtractive_area tags_end # 
name rectangle active True additive True position  0.0 220.0 1050.0 extents  1249.0 33.0 15.0 orientation  1.0 0.0 0.0 0.0 1.0 0.0 0.0 0.0 -1.0 priority  0 tags_begin  castle_battlements tags_end # 
name cylinder active True additive True position  -1258.86027933 395.0 -81.079642081 extents  173.0 395.0 173.0 orientation  -6.12303176911e-17 0.0 1.0 0.0 1.0 0.0 1.0 0.0 6.12303176911e-17 priority  0 tags_begin  castle_tower tags_end # 
name rectangle active True additive False position  -1249.0 22.22177778 -511.075090963 extents  50.0 22.22177778 173.0 orientation  -6.12303176911e-17 0.0 1.0 0.0 1.0 0.0 1.0 0.0 6.12303176911e-17 priority  0 tags_begin  castle_gate tags_end # 
name rectangle active True additive True position  -1199.0 220.0 3.06151588456e-15 extents  1100.0 33.0 15.0 orientation  -6.12303176911e-17 0.0 1.0 0.0 1.0 0.0 1.0 0.0 6.12303176911e-17 priority  0 tags_begin  castle_battlements tags_end # 
name cylinder active True additive True position  1258.86027933 790.0 -81.079642081 extents  230.66609 79.0 230.66609 orientation  6.12303176911e-17 0.0 -1.0 0.0 1.0 0.0 1.0 0.0 6.12303176911e-17 priority  0 tags_begin  tower_battlements tags_end # 
name cylinder active True additive False position  1249.0 44.44355556 -511.075090963 extents  50.0 173.0 50.0 orientation  6.12303176911e-17 0.0 -1.0 1.0 6.12303176911e-17 6.12303176911e-17 6.12303176911e-17 -1.0 3.74915180456e-33 priority  0 tags_begin  gate_subtractive_area tags_end # 
name rectangle active True additive True position  1199.0 220.0 -3.06151588456e-15 extents  1100.0 33.0 15.0 orientation  6.12303176911e-17 0.0 -1.0 0.0 1.0 0.0 -1.0 0.0 -6.12303176911e-17 priority  0 tags_begin  castle_battlements tags_end # 
name cylinder active True additive True position  62.1661448754 1718.0 130.532815681 extents  230.66609 79.0 230.66609 orientation  1.0 0.0 0.0 0.0 1.0 0.0 0.0 0.0 1.0 priority  0 tags_begin  tower_battlements tags_end # 
name cylinder active True additive True position  -92.0622481447 790.0 -1090.13972067 extents  230.66609 79.0 230.66609 orientation  1.0 0.0 0.0 0.0 1.0 0.0 0.0 0.0 -1.0 priority  0 tags_begin  tower_battlements tags_end # 
name cylinder active True additive False position  -580.302535102 55.55477778 -1100.0 extents  50.0 173.0 50.0 orientation  1.0 0.0 0.0 0.0 6.12303176911e-17 1.0 0.0 1.0 -6.12303176911e-17 priority  0 tags_begin  gate_subtractive_area tags_end # 
name rectangle active True additive True position  0.0 220.0 -1050.0 extents  1249.0 33.0 15.0 orientation  1.0 0.0 0.0 0.0 1.0 0.0 0.0 0.0 1.0 priority  0 tags_begin  castle_battlements tags_end # 
name cylinder active True additive False position  -92.0622481447 948.0 1090.13972067 extents  184.532872 158.0 184.532872 orientation  1.0 0.0 0.0 0.0 1.0 0.0 0.0 0.0 1.0 priority  -1 tags_begin  tower_battlements_subtractive_area tags_end # 
name cylinder active True additive True position  -1258.86027933 790.0 -81.079642081 extents  230.66609 79.0 230.66609 orientation  -6.12303176911e-17 0.0 1.0 0.0 1.0 0.0 1.0 0.0 6.12303176911e-17 priority  0 tags_begin  tower_battlements tags_end # 
name cylinder active True additive False position  -1249.0 44.44355556 -511.075090963 extents  50.0 173.0 50.0 orientation  -6.12303176911e-17 0.0 1.0 1.0 6.12303176911e-17 6.12303176911e-17 6.12303176911e-17 -1.0 3.74915180456e-33 priority  0 tags_begin  gate_subtractive_area tags_end # 
name rectangle active True additive True position  -1199.0 220.0 -3.06151588456e-15 extents  1100.0 33.0 15.0 orientation  -6.12303176911e-17 0.0 1.0 0.0 1.0 0.0 -1.0 0.0 -6.12303176911e-17 priority  0 tags_begin  castle_battlements tags_end # 
name cylinder active True additive False position  1258.86027933 948.0 -81.079642081 extents  184.532872 158.0 184.532872 orientation  6.12303176911e-17 0.0 -1.0 0.0 1.0 0.0 1.0 0.0 6.12303176911e-17 priority  -1 tags_begin  tower_battlements_subtractive_area tags_end # 
name cylinder active True additive False position  62.1661448754 1876.0 130.532815681 extents  184.532872 158.0 184.532872 orientation  1.0 0.0 0.0 0.0 1.0 0.0 0.0 0.0 1.0 priority  -1 tags_begin  tower_battlements_subtractive_area tags_end # 
name cylinder active True additive False position  -92.0622481447 948.0 -1090.13972067 extents  184.532872 158.0 184.532872 orientation  1.0 0.0 0.0 0.0 1.0 0.0 0.0 0.0 -1.0 priority  -1 tags_begin  tower_battlements_subtractive_area tags_end # 
name cylinder active True additive False position  -1258.86027933 948.0 -81.079642081 extents  184.532872 158.0 184.532872 orientation  -6.12303176911e-17 0.0 1.0 0.0 1.0 0.0 1.0 0.0 6.12303176911e-17 priority  -1 tags_begin  tower_battlements_subtractive_area tags_end # 

